Copyright 1986-2018 Xilinx, Inc. All Rights Reserved.
---------------------------------------------------------------------------------------------------------------
| Tool Version : Vivado v.2018.2 (win64) Build 2258646 Thu Jun 14 20:03:12 MDT 2018
| Date         : Wed Nov 13 14:05:28 2019
| Host         : DESKTOP-P7NAL35 running 64-bit major release  (build 9200)
| Command      : report_utilization -file pool_layer_utilization_synth.rpt -pb pool_layer_utilization_synth.pb
| Design       : pool_layer
| Device       : 7z045ffg900-2
| Design State : Synthesized
---------------------------------------------------------------------------------------------------------------

Utilization Design Information

Table of Contents
-----------------
1. Slice Logic
1.1 Summary of Registers by Type
2. Memory
3. DSP
4. IO and GT Specific
5. Clocking
6. Specific Feature
7. Primitives
8. Black Boxes
9. Instantiated Netlists

1. Slice Logic
--------------

+-------------------------+--------+-------+-----------+--------+
|        Site Type        |  Used  | Fixed | Available |  Util% |
+-------------------------+--------+-------+-----------+--------+
| Slice LUTs*             | 351819 |     0 |    218600 | 160.94 |
|   LUT as Logic          | 351819 |     0 |    218600 | 160.94 |
|   LUT as Memory         |      0 |     0 |     70400 |   0.00 |
| Slice Registers         |  81240 |     0 |    437200 |  18.58 |
|   Register as Flip Flop |   1752 |     0 |    437200 |   0.40 |
|   Register as Latch     |  79488 |     0 |    437200 |  18.18 |
| F7 Muxes                |  10695 |     0 |    109300 |   9.78 |
| F8 Muxes                |   4968 |     0 |     54650 |   9.09 |
+-------------------------+--------+-------+-----------+--------+
* Warning! The Final LUT count, after physical optimizations and full implementation, is typically lower. Run opt_design after synthesis, if not already completed, for a more realistic count.


1.1 Summary of Registers by Type
--------------------------------

+-------+--------------+-------------+--------------+
| Total | Clock Enable | Synchronous | Asynchronous |
+-------+--------------+-------------+--------------+
| 0     |            _ |           - |            - |
| 0     |            _ |           - |          Set |
| 0     |            _ |           - |        Reset |
| 0     |            _ |         Set |            - |
| 0     |            _ |       Reset |            - |
| 0     |          Yes |           - |            - |
| 0     |          Yes |           - |          Set |
| 79488 |          Yes |           - |        Reset |
| 0     |          Yes |         Set |            - |
| 1752  |          Yes |       Reset |            - |
+-------+--------------+-------------+--------------+


2. Memory
---------

+-------------------+------+-------+-----------+-------+
|     Site Type     | Used | Fixed | Available | Util% |
+-------------------+------+-------+-----------+-------+
| Block RAM Tile    |   15 |     0 |       545 |  2.75 |
|   RAMB36/FIFO*    |   10 |     0 |       545 |  1.83 |
|     RAMB36E1 only |   10 |       |           |       |
|   RAMB18          |   10 |     0 |      1090 |  0.92 |
|     RAMB18E1 only |   10 |       |           |       |
+-------------------+------+-------+-----------+-------+
* Note: Each Block RAM Tile only has one FIFO logic available and therefore can accommodate only one FIFO36E1 or one FIFO18E1. However, if a FIFO18E1 occupies a Block RAM Tile, that tile can still accommodate a RAMB18E1


3. DSP
------

+----------------+------+-------+-----------+-------+
|    Site Type   | Used | Fixed | Available | Util% |
+----------------+------+-------+-----------+-------+
| DSPs           |   40 |     0 |       900 |  4.44 |
|   DSP48E1 only |   40 |       |           |       |
+----------------+------+-------+-----------+-------+


4. IO and GT Specific
---------------------

+-----------------------------+------+-------+-----------+---------+
|          Site Type          | Used | Fixed | Available |  Util%  |
+-----------------------------+------+-------+-----------+---------+
| Bonded IOB                  | 3903 |     0 |       362 | 1078.18 |
| Bonded IPADs                |    0 |     0 |        50 |    0.00 |
| Bonded OPADs                |    0 |     0 |        32 |    0.00 |
| Bonded IOPADs               |    0 |     0 |       130 |    0.00 |
| PHY_CONTROL                 |    0 |     0 |         8 |    0.00 |
| PHASER_REF                  |    0 |     0 |         8 |    0.00 |
| OUT_FIFO                    |    0 |     0 |        32 |    0.00 |
| IN_FIFO                     |    0 |     0 |        32 |    0.00 |
| IDELAYCTRL                  |    0 |     0 |         8 |    0.00 |
| IBUFDS                      |    0 |     0 |       348 |    0.00 |
| GTXE2_COMMON                |    0 |     0 |         4 |    0.00 |
| GTXE2_CHANNEL               |    0 |     0 |        16 |    0.00 |
| PHASER_OUT/PHASER_OUT_PHY   |    0 |     0 |        32 |    0.00 |
| PHASER_IN/PHASER_IN_PHY     |    0 |     0 |        32 |    0.00 |
| IDELAYE2/IDELAYE2_FINEDELAY |    0 |     0 |       400 |    0.00 |
| ODELAYE2/ODELAYE2_FINEDELAY |    0 |     0 |       150 |    0.00 |
| IBUFDS_GTE2                 |    0 |     0 |         8 |    0.00 |
| ILOGIC                      |    0 |     0 |       362 |    0.00 |
| OLOGIC                      |    0 |     0 |       362 |    0.00 |
+-----------------------------+------+-------+-----------+---------+


5. Clocking
-----------

+------------+------+-------+-----------+-------+
|  Site Type | Used | Fixed | Available | Util% |
+------------+------+-------+-----------+-------+
| BUFGCTRL   |   12 |     0 |        32 | 37.50 |
| BUFIO      |    0 |     0 |        32 |  0.00 |
| MMCME2_ADV |    0 |     0 |         8 |  0.00 |
| PLLE2_ADV  |    0 |     0 |         8 |  0.00 |
| BUFMRCE    |    0 |     0 |        16 |  0.00 |
| BUFHCE     |    0 |     0 |       168 |  0.00 |
| BUFR       |    0 |     0 |        32 |  0.00 |
+------------+------+-------+-----------+-------+


6. Specific Feature
-------------------

+-------------+------+-------+-----------+-------+
|  Site Type  | Used | Fixed | Available | Util% |
+-------------+------+-------+-----------+-------+
| BSCANE2     |    0 |     0 |         4 |  0.00 |
| CAPTUREE2   |    0 |     0 |         1 |  0.00 |
| DNA_PORT    |    0 |     0 |         1 |  0.00 |
| EFUSE_USR   |    0 |     0 |         1 |  0.00 |
| FRAME_ECCE2 |    0 |     0 |         1 |  0.00 |
| ICAPE2      |    0 |     0 |         2 |  0.00 |
| PCIE_2_1    |    0 |     0 |         1 |  0.00 |
| STARTUPE2   |    0 |     0 |         1 |  0.00 |
| XADC        |    0 |     0 |         1 |  0.00 |
+-------------+------+-------+-----------+-------+


7. Primitives
-------------

+----------+--------+---------------------+
| Ref Name |  Used  | Functional Category |
+----------+--------+---------------------+
| LUT6     | 176260 |                 LUT |
| LUT4     |  90119 |                 LUT |
| LUT5     |  80356 |                 LUT |
| LDCE     |  79488 |        Flop & Latch |
| LUT3     |  21063 |                 LUT |
| MUXF7    |  10695 |               MuxFx |
| MUXF8    |   4968 |               MuxFx |
| LUT2     |   4726 |                 LUT |
| IBUF     |   2220 |                  IO |
| FDRE     |   1752 |        Flop & Latch |
| OBUF     |   1683 |                  IO |
| CARRY4   |    751 |          CarryLogic |
| DSP48E1  |     40 |    Block Arithmetic |
| LUT1     |     22 |                 LUT |
| BUFG     |     12 |               Clock |
| RAMB36E1 |     10 |        Block Memory |
| RAMB18E1 |     10 |        Block Memory |
+----------+--------+---------------------+


8. Black Boxes
--------------

+----------+------+
| Ref Name | Used |
+----------+------+


9. Instantiated Netlists
------------------------

+----------+------+
| Ref Name | Used |
+----------+------+


