                         Chronologic VCS (TM)
      Version N-2017.12-SP2-1_Full64 -- Mon Oct 21 15:23:11 2019
               Copyright (c) 1991-2017 by Synopsys Inc.
                         ALL RIGHTS RESERVED

This program is proprietary and confidential information of Synopsys Inc.
and may be used and disclosed only as authorized in a license agreement
controlling such use and disclosure.

Parsing design file 'bubble_tb.v'
Parsing design file 'bubble_sort.v'
Top Level Modules:
       bubble_sort_tb
TimeScale is 1 ns / 1 ps
Starting vcs inline pass...
1 module and 0 UDP read.
recompiling module bubble_sort_tb
make[1]: Entering directory `/afs/umich.edu/user/h/o/hongjieq/Desktop/SimpleCNN/bubble_sort/csrc'
rm -f _csrc*.so pre_vcsobj_*.so share_vcsobj_*.so
if [ -x ../simv ]; then chmod -x ../simv; fi
g++  -o ../simv    -Wl,-rpath-link=./ -Wl,-rpath='$ORIGIN'/simv.daidir/ -Wl,-rpath=./simv.daidir/ -Wl,-rpath='$ORIGIN'/simv.daidir//scsim.db.dir  -rdynamic  -Wl,-rpath=/usr/caen/vcs-2017.12-SP2-1/linux64/lib -L/usr/caen/vcs-2017.12-SP2-1/linux64/lib -lcmsg   objs/amcQw_d.o   _17773_archive_1.so  SIM_l.o       rmapats_mop.o rmapats.o rmar.o rmar_nd.o  rmar_llvm_0_1.o rmar_llvm_0_0.o          -lzerosoft_rt_stubs -lvirsim -lerrorinf -lsnpsmalloc -lvfs    -lvcsnew -lsimprofile -luclinative /usr/caen/vcs-2017.12-SP2-1/linux64/lib/vcs_tls.o   -Wl,-whole-archive -lvcsucli -Wl,-no-whole-archive          /usr/caen/vcs-2017.12-SP2-1/linux64/lib/vcs_save_restore_new.o -ldl  -lc -lm -lpthread -ldl 
../simv up to date
make[1]: Leaving directory `/afs/umich.edu/user/h/o/hongjieq/Desktop/SimpleCNN/bubble_sort/csrc'
Chronologic VCS simulator copyright 1991-2017
Contains Synopsys proprietary information.
Compiler version N-2017.12-SP2-1_Full64; Runtime version N-2017.12-SP2-1_Full64;  Oct 21 15:23 2019
@@@Time:  45 data sort:200
@@@Time:  45 data sort: 60
@@@Time:  45 data sort: 45
@@@Time:  45 data sort: 40
@@@Time:  45 data sort: 25
@@@Time:  45 data sort: 20
@@@Time:  45 data sort: 10
@@@Time:  45 data sort:  6
$finish called from file "bubble_tb.v", line 44.
$finish at simulation time                45000
           V C S   S i m u l a t i o n   R e p o r t 
Time: 45000 ps
CPU Time:      0.160 seconds;       Data structure size:   0.0Mb
Mon Oct 21 15:23:12 2019
CPU time: .156 seconds to compile + .133 seconds to elab + .175 seconds to link + .182 seconds in simulation
